build/app/intermediates/manifest_merge_blame_file/debug/manifest-merger-blame-debug-report.txt
1<?xml version="1.0" encoding="utf-8"?>
2<manifest xmlns:android="http://schemas.android.com/apk/res/android"
3    package="com.example.pafp"
4    android:versionCode="1"
5    android:versionName="1.0.0" >
6
7    <uses-sdk
8        android:minSdkVersion="21"
9        android:targetSdkVersion="29" />
10    <!--
11         Flutter needs it to communicate with the running application
12         to allow setting breakpoints, to provide hot reload, etc.
13    -->
14    <uses-permission android:name="android.permission.INTERNET" />
14-->src/debug/AndroidManifest.xml:6:5-66
14-->src/debug/AndroidManifest.xml:6:22-64
15    <!-- Although the *SdkVersion is captured in gradle build files, this is required for non gradle builds -->
16    <!-- <uses-sdk android:minSdkVersion="14" /> -->
17    <uses-permission android:name="android.permission.ACCESS_NETWORK_STATE" />
17-->[com.google.firebase:firebase-firestore:21.4.3] AndroidManifest.xml:13:5-79
17-->[com.google.firebase:firebase-firestore:21.4.3] AndroidManifest.xml:13:22-76
18    <uses-permission android:name="android.permission.WAKE_LOCK" /> <!-- Required by older versions of Google Play services to create IID tokens -->
18-->[com.google.android.gms:play-services-measurement-api:17.4.1] AndroidManifest.xml:24:5-68
18-->[com.google.android.gms:play-services-measurement-api:17.4.1] AndroidManifest.xml:24:22-65
19    <uses-permission android:name="com.google.android.c2dm.permission.RECEIVE" />
19-->[com.google.firebase:firebase-iid:20.1.5] AndroidManifest.xml:26:5-82
19-->[com.google.firebase:firebase-iid:20.1.5] AndroidManifest.xml:26:22-79
20    <uses-permission android:name="com.google.android.finsky.permission.BIND_GET_INSTALL_REFERRER_SERVICE" />
20-->[com.google.android.gms:play-services-measurement:17.4.1] AndroidManifest.xml:26:5-110
20-->[com.google.android.gms:play-services-measurement:17.4.1] AndroidManifest.xml:26:22-107
21
22    <application
22-->src/main/AndroidManifest.xml:3:4-40:19
23        android:appComponentFactory="androidx.core.app.CoreComponentFactory"
23-->[androidx.core:core:1.1.0] AndroidManifest.xml:24:18-86
24        android:debuggable="true"
25        android:icon="@mipmap/ic_launcher"
25-->src/main/AndroidManifest.xml:5:9-43
26        android:label="pafp" >
26-->src/main/AndroidManifest.xml:4:9-29
27        <activity
27-->src/main/AndroidManifest.xml:6:9-34:20
28            android:name="com.example.pafp.MainActivity"
28-->src/main/AndroidManifest.xml:7:13-41
29            android:configChanges="orientation|keyboardHidden|keyboard|screenSize|smallestScreenSize|locale|layoutDirection|fontScale|screenLayout|density|uiMode"
29-->src/main/AndroidManifest.xml:10:13-163
30            android:hardwareAccelerated="true"
30-->src/main/AndroidManifest.xml:11:13-47
31            android:launchMode="singleTop"
31-->src/main/AndroidManifest.xml:8:13-43
32            android:theme="@style/LaunchTheme"
32-->src/main/AndroidManifest.xml:9:13-47
33            android:windowSoftInputMode="adjustResize" >
33-->src/main/AndroidManifest.xml:12:13-55
34
35            <!--
36                 Specifies an Android theme to apply to this Activity as soon as
37                 the Android process has started. This theme is visible to the user
38                 while the Flutter UI initializes. After that, this theme continues
39                 to determine the Window background behind the Flutter UI.
40            -->
41            <meta-data
41-->src/main/AndroidManifest.xml:17:13-20:17
42                android:name="io.flutter.embedding.android.NormalTheme"
42-->src/main/AndroidManifest.xml:18:15-70
43                android:resource="@style/NormalTheme" />
43-->src/main/AndroidManifest.xml:19:15-52
44            <!--
45                 Displays an Android View that continues showing the launch screen
46                 Drawable until Flutter paints its first frame, then this splash
47                 screen fades out. A splash screen is useful to avoid any visual
48                 gap between the end of Android's launch screen and the painting of
49                 Flutter's first frame.
50            -->
51            <meta-data
51-->src/main/AndroidManifest.xml:26:13-29:17
52                android:name="io.flutter.embedding.android.SplashScreenDrawable"
52-->src/main/AndroidManifest.xml:27:15-79
53                android:resource="@drawable/launch_background" />
53-->src/main/AndroidManifest.xml:28:15-61
54
55            <intent-filter>
55-->src/main/AndroidManifest.xml:30:13-33:29
56                <action android:name="android.intent.action.MAIN" />
56-->src/main/AndroidManifest.xml:31:17-68
56-->src/main/AndroidManifest.xml:31:25-66
57
58                <category android:name="android.intent.category.LAUNCHER" />
58-->src/main/AndroidManifest.xml:32:17-76
58-->src/main/AndroidManifest.xml:32:27-74
59            </intent-filter>
60        </activity>
61        <!--
62             Don't delete the meta-data below.
63             This is used by the Flutter tool to generate GeneratedPluginRegistrant.java
64        -->
65        <meta-data
65-->src/main/AndroidManifest.xml:37:9-39:33
66            android:name="flutterEmbedding"
66-->src/main/AndroidManifest.xml:38:13-44
67            android:value="2" />
67-->src/main/AndroidManifest.xml:39:13-30
68
69        <service
69-->[:firebase_auth] AndroidManifest.xml:8:9-12:19
70            android:name="com.google.firebase.components.ComponentDiscoveryService"
70-->[:firebase_auth] AndroidManifest.xml:8:18-89
71            android:directBootAware="true"
71-->[com.google.firebase:firebase-common:19.3.0] AndroidManifest.xml:34:13-43
72            android:exported="false" >
72-->[com.google.firebase:firebase-auth:19.3.1] AndroidManifest.xml:35:13-37
73            <meta-data
73-->[:firebase_auth] AndroidManifest.xml:9:13-11:85
74                android:name="com.google.firebase.components:io.flutter.plugins.firebase.auth.FlutterFirebaseAuthRegistrar"
74-->[:firebase_auth] AndroidManifest.xml:10:17-124
75                android:value="com.google.firebase.components.ComponentRegistrar" />
75-->[:firebase_auth] AndroidManifest.xml:11:17-82
76            <meta-data
76-->[:cloud_firestore] AndroidManifest.xml:9:13-11:85
77                android:name="com.google.firebase.components:io.flutter.plugins.firebase.firestore.FlutterFirebaseFirestoreRegistrar"
77-->[:cloud_firestore] AndroidManifest.xml:10:17-134
78                android:value="com.google.firebase.components.ComponentRegistrar" />
78-->[:cloud_firestore] AndroidManifest.xml:11:17-82
79            <meta-data
79-->[:firebase_core] AndroidManifest.xml:9:13-11:85
80                android:name="com.google.firebase.components:io.flutter.plugins.firebase.core.FlutterFirebaseCoreRegistrar"
80-->[:firebase_core] AndroidManifest.xml:10:17-124
81                android:value="com.google.firebase.components.ComponentRegistrar" />
81-->[:firebase_core] AndroidManifest.xml:11:17-82
82            <meta-data
82-->[com.google.firebase:firebase-auth:19.3.1] AndroidManifest.xml:36:13-38:85
83                android:name="com.google.firebase.components:com.google.firebase.auth.FirebaseAuthRegistrar"
83-->[com.google.firebase:firebase-auth:19.3.1] AndroidManifest.xml:37:17-109
84                android:value="com.google.firebase.components.ComponentRegistrar" />
84-->[com.google.firebase:firebase-auth:19.3.1] AndroidManifest.xml:38:17-82
85            <meta-data
85-->[com.google.firebase:firebase-firestore:21.4.3] AndroidManifest.xml:20:13-22:85
86                android:name="com.google.firebase.components:com.google.firebase.firestore.FirestoreRegistrar"
86-->[com.google.firebase:firebase-firestore:21.4.3] AndroidManifest.xml:21:17-111
87                android:value="com.google.firebase.components.ComponentRegistrar" />
87-->[com.google.firebase:firebase-firestore:21.4.3] AndroidManifest.xml:22:17-82
88            <meta-data
88-->[com.google.android.gms:play-services-measurement-api:17.4.1] AndroidManifest.xml:30:13-32:85
89                android:name="com.google.firebase.components:com.google.firebase.analytics.connector.internal.AnalyticsConnectorRegistrar"
89-->[com.google.android.gms:play-services-measurement-api:17.4.1] AndroidManifest.xml:31:17-139
90                android:value="com.google.firebase.components.ComponentRegistrar" />
90-->[com.google.android.gms:play-services-measurement-api:17.4.1] AndroidManifest.xml:32:17-82
91            <meta-data
91-->[com.google.firebase:firebase-iid:20.1.5] AndroidManifest.xml:32:13-34:85
92                android:name="com.google.firebase.components:com.google.firebase.iid.Registrar"
92-->[com.google.firebase:firebase-iid:20.1.5] AndroidManifest.xml:33:17-96
93                android:value="com.google.firebase.components.ComponentRegistrar" />
93-->[com.google.firebase:firebase-iid:20.1.5] AndroidManifest.xml:34:17-82
94            <meta-data
94-->[com.google.firebase:firebase-installations:16.2.1] AndroidManifest.xml:17:13-19:85
95                android:name="com.google.firebase.components:com.google.firebase.installations.FirebaseInstallationsRegistrar"
95-->[com.google.firebase:firebase-installations:16.2.1] AndroidManifest.xml:18:17-127
96                android:value="com.google.firebase.components.ComponentRegistrar" />
96-->[com.google.firebase:firebase-installations:16.2.1] AndroidManifest.xml:19:17-82
97        </service>
98
99        <activity
99-->[com.google.firebase:firebase-auth:19.3.1] AndroidManifest.xml:24:9-31:50
100            android:name="com.google.firebase.auth.internal.FederatedSignInActivity"
100-->[com.google.firebase:firebase-auth:19.3.1] AndroidManifest.xml:25:13-85
101            android:excludeFromRecents="true"
101-->[com.google.firebase:firebase-auth:19.3.1] AndroidManifest.xml:26:13-46
102            android:exported="true"
102-->[com.google.firebase:firebase-auth:19.3.1] AndroidManifest.xml:27:13-36
103            android:launchMode="singleTask"
103-->[com.google.firebase:firebase-auth:19.3.1] AndroidManifest.xml:28:13-44
104            android:permission="com.google.firebase.auth.api.gms.permission.LAUNCH_FEDERATED_SIGN_IN"
104-->[com.google.firebase:firebase-auth:19.3.1] AndroidManifest.xml:29:13-102
105            android:theme="@android:style/Theme.Translucent.NoTitleBar" />
105-->[com.google.firebase:firebase-auth:19.3.1] AndroidManifest.xml:30:13-72
106
107        <receiver
107-->[com.google.firebase:firebase-iid:20.1.5] AndroidManifest.xml:37:9-44:20
108            android:name="com.google.firebase.iid.FirebaseInstanceIdReceiver"
108-->[com.google.firebase:firebase-iid:20.1.5] AndroidManifest.xml:38:13-78
109            android:exported="true"
109-->[com.google.firebase:firebase-iid:20.1.5] AndroidManifest.xml:39:13-36
110            android:permission="com.google.android.c2dm.permission.SEND" >
110-->[com.google.firebase:firebase-iid:20.1.5] AndroidManifest.xml:40:13-73
111            <intent-filter>
111-->[com.google.firebase:firebase-iid:20.1.5] AndroidManifest.xml:41:13-43:29
112                <action android:name="com.google.android.c2dm.intent.RECEIVE" />
112-->[com.google.firebase:firebase-iid:20.1.5] AndroidManifest.xml:42:17-81
112-->[com.google.firebase:firebase-iid:20.1.5] AndroidManifest.xml:42:25-78
113            </intent-filter>
114        </receiver>
115
116        <activity
116-->[com.google.android.gms:play-services-base:17.1.0] AndroidManifest.xml:23:9-26:75
117            android:name="com.google.android.gms.common.api.GoogleApiActivity"
117-->[com.google.android.gms:play-services-base:17.1.0] AndroidManifest.xml:24:13-79
118            android:exported="false"
118-->[com.google.android.gms:play-services-base:17.1.0] AndroidManifest.xml:25:13-37
119            android:theme="@android:style/Theme.Translucent.NoTitleBar" />
119-->[com.google.android.gms:play-services-base:17.1.0] AndroidManifest.xml:26:13-72
120
121        <provider
121-->[com.google.firebase:firebase-common:19.3.0] AndroidManifest.xml:26:9-30:39
122            android:name="com.google.firebase.provider.FirebaseInitProvider"
122-->[com.google.firebase:firebase-common:19.3.0] AndroidManifest.xml:27:13-77
123            android:authorities="com.example.pafp.firebaseinitprovider"
123-->[com.google.firebase:firebase-common:19.3.0] AndroidManifest.xml:28:13-72
124            android:exported="false"
124-->[com.google.firebase:firebase-common:19.3.0] AndroidManifest.xml:29:13-37
125            android:initOrder="100" />
125-->[com.google.firebase:firebase-common:19.3.0] AndroidManifest.xml:30:13-36
126
127        <receiver
127-->[com.google.android.gms:play-services-measurement:17.4.1] AndroidManifest.xml:29:9-33:20
128            android:name="com.google.android.gms.measurement.AppMeasurementReceiver"
128-->[com.google.android.gms:play-services-measurement:17.4.1] AndroidManifest.xml:30:13-85
129            android:enabled="true"
129-->[com.google.android.gms:play-services-measurement:17.4.1] AndroidManifest.xml:31:13-35
130            android:exported="false" >
130-->[com.google.android.gms:play-services-measurement:17.4.1] AndroidManifest.xml:32:13-37
131        </receiver>
132
133        <service
133-->[com.google.android.gms:play-services-measurement:17.4.1] AndroidManifest.xml:35:9-38:40
134            android:name="com.google.android.gms.measurement.AppMeasurementService"
134-->[com.google.android.gms:play-services-measurement:17.4.1] AndroidManifest.xml:36:13-84
135            android:enabled="true"
135-->[com.google.android.gms:play-services-measurement:17.4.1] AndroidManifest.xml:37:13-35
136            android:exported="false" />
136-->[com.google.android.gms:play-services-measurement:17.4.1] AndroidManifest.xml:38:13-37
137        <service
137-->[com.google.android.gms:play-services-measurement:17.4.1] AndroidManifest.xml:39:9-43:72
138            android:name="com.google.android.gms.measurement.AppMeasurementJobService"
138-->[com.google.android.gms:play-services-measurement:17.4.1] AndroidManifest.xml:40:13-87
139            android:enabled="true"
139-->[com.google.android.gms:play-services-measurement:17.4.1] AndroidManifest.xml:41:13-35
140            android:exported="false"
140-->[com.google.android.gms:play-services-measurement:17.4.1] AndroidManifest.xml:42:13-37
141            android:permission="android.permission.BIND_JOB_SERVICE" />
141-->[com.google.android.gms:play-services-measurement:17.4.1] AndroidManifest.xml:43:13-69
142
143        <meta-data
143-->[com.google.android.gms:play-services-basement:17.0.0] AndroidManifest.xml:23:9-25:69
144            android:name="com.google.android.gms.version"
144-->[com.google.android.gms:play-services-basement:17.0.0] AndroidManifest.xml:24:13-58
145            android:value="@integer/google_play_services_version" />
145-->[com.google.android.gms:play-services-basement:17.0.0] AndroidManifest.xml:25:13-66
146    </application>
147
148</manifest>